<?xml version="1.0" encoding="UTF-8"?>
<!-- Generated by org.testng.reporters.JUnitReportReporter -->
<testsuite hostname="DESKTOP-B9DJM0R" failures="0" tests="1" name="com.ShopperStack_Test_Script.verify_user_is_able_to_update_address_or_not" time="24.413" errors="0" timestamp="2024-05-30T08:37:13 IST" skipped="0">
  <testcase classname="com.ShopperStack_Test_Script.verify_user_is_able_to_update_address_or_not" name="updateAddress" time="24.413"/>
</testsuite> <!-- com.ShopperStack_Test_Script.verify_user_is_able_to_update_address_or_not -->
