<?xml version="1.0" encoding="UTF-8"?>
<!-- Generated by org.testng.reporters.JUnitReportReporter -->
<testsuite hostname="DESKTOP-B9DJM0R" failures="0" tests="1" name="com.ShopperStack_Test_Script.verify_user_is_able_to_add_address_or_not_Test" time="20.149" errors="0" timestamp="2024-05-27T09:06:37 IST" skipped="0">
  <testcase classname="com.ShopperStack_Test_Script.verify_user_is_able_to_add_address_or_not_Test" name="addAddress" time="20.149"/>
</testsuite> <!-- com.ShopperStack_Test_Script.verify_user_is_able_to_add_address_or_not_Test -->
